<?xml version="1.0" encoding="UTF-8"?>
<!-- Generated by org.testng.reporters.JUnitReportReporter -->
<testsuite hostname="DESKTOP-7UHBV0G" failures="0" tests="1" name="Doc_Search.Doc_Search" time="16.892" errors="0" timestamp="2025-01-13T17:08:23 IST" skipped="0">
  <testcase classname="Doc_Search.Doc_Search" name="testValidScenario" time="16.892"/>
  <system-out/>
</testsuite> <!-- Doc_Search.Doc_Search -->
