<?xml version="1.0" encoding="UTF-8"?>
<!-- Generated by org.testng.reporters.JUnitReportReporter -->
<testsuite hostname="DESKTOP-7UHBV0G" failures="0" tests="1" name="Doc_Search.Doc_Search" time="52.434" errors="0" timestamp="2025-01-13T19:34:31 IST" skipped="0">
  <testcase classname="Doc_Search.Doc_Search" name="testValidScenario" time="52.434"/>
  <system-out/>
</testsuite> <!-- Doc_Search.Doc_Search -->
