<?xml version="1.0" encoding="UTF-8"?>
<!-- Generated by org.testng.reporters.JUnitReportReporter -->
<testsuite hostname="DESKTOP-7UHBV0G" failures="0" tests="1" name="InternetSearch.InternetSearch" time="39.529" errors="0" timestamp="2025-01-13T19:35:33 IST" skipped="0">
  <testcase classname="InternetSearch.InternetSearch" name="InterNetSearch" time="39.529"/>
  <system-out/>
</testsuite> <!-- InternetSearch.InternetSearch -->
