<?xml version="1.0" encoding="UTF-8"?>
<!-- Generated by org.testng.reporters.JUnitReportReporter -->
<testsuite hostname="DESKTOP-7UHBV0G" failures="0" tests="1" name="Title_Manipulation.Chat_Delete" time="12.278" errors="0" timestamp="2025-01-09T16:21:28 IST" skipped="0">
  <testcase classname="Title_Manipulation.Chat_Delete" name="Delete" time="12.278"/>
  <system-out/>
</testsuite> <!-- Title_Manipulation.Chat_Delete -->
