<?xml version="1.0" encoding="UTF-8"?>
<!-- Generated by org.testng.reporters.JUnitReportReporter -->
<testsuite hostname="DESKTOP-7UHBV0G" failures="0" tests="2" name="Title_Manipulation.Chat_3Public" time="19.437" errors="0" timestamp="2025-01-09T17:16:45 IST" skipped="0">
  <testcase classname="Title_Manipulation.Chat_3Public" name="publicChat" time="9.755"/>
  <system-out/>
  <testcase classname="Title_Manipulation.Chat_3Public" name="PrivateChat" time="9.682"/>
  <system-out/>
</testsuite> <!-- Title_Manipulation.Chat_3Public -->
