<?xml version="1.0" encoding="UTF-8"?>
<!-- Generated by org.testng.reporters.JUnitReportReporter -->
<testsuite hostname="DESKTOP-7UHBV0G" failures="0" tests="2" name="Title_Manipulation.Chat_3Public" time="20.202" errors="0" timestamp="2025-01-13T19:42:16 IST" skipped="0">
  <testcase classname="Title_Manipulation.Chat_3Public" name="publicChat" time="11.890"/>
  <system-out/>
  <testcase classname="Title_Manipulation.Chat_3Public" name="PrivateChat" time="8.312"/>
  <system-out/>
</testsuite> <!-- Title_Manipulation.Chat_3Public -->
