<?xml version="1.0" encoding="UTF-8"?>
<!-- Generated by org.testng.reporters.JUnitReportReporter -->
<testsuite hostname="DESKTOP-7UHBV0G" failures="0" tests="1" name="Title_Manipulation.Chat_Rename" time="12.509" errors="0" timestamp="2025-01-09T14:34:41 IST" skipped="0">
  <testcase classname="Title_Manipulation.Chat_Rename" name="Rename" time="12.509"/>
  <system-out/>
</testsuite> <!-- Title_Manipulation.Chat_Rename -->
