<?xml version="1.0" encoding="UTF-8"?>
<!-- Generated by org.testng.reporters.JUnitReportReporter -->
<testsuite hostname="DESKTOP-7UHBV0G" failures="0" tests="2" name="Title_Manipulation.Chat_2Bookmark" time="62.124" errors="0" timestamp="2025-01-13T19:41:05 IST" skipped="0">
  <testcase classname="Title_Manipulation.Chat_2Bookmark" name="Remove_Bookmark" time="13.411"/>
  <system-out/>
  <testcase classname="Title_Manipulation.Chat_2Bookmark" name="Bookmark" time="48.713"/>
  <system-out/>
</testsuite> <!-- Title_Manipulation.Chat_2Bookmark -->
