<?xml version="1.0" encoding="UTF-8"?>
<!-- Generated by org.testng.reporters.JUnitReportReporter -->
<testsuite hostname="DESKTOP-7UHBV0G" failures="0" tests="2" name="Title_Manipulation.Chat_Bookmark" time="64.866" errors="0" timestamp="2025-01-09T16:14:06 IST" skipped="0">
  <testcase classname="Title_Manipulation.Chat_Bookmark" name="Bookmark" time="55.715"/>
  <system-out/>
  <testcase classname="Title_Manipulation.Chat_Bookmark" name="Remove_Bookmark" time="9.151"/>
  <system-out/>
</testsuite> <!-- Title_Manipulation.Chat_Bookmark -->
