<?xml version="1.0" encoding="UTF-8"?>
<!-- Generated by org.testng.reporters.JUnitReportReporter -->
<testsuite hostname="DESKTOP-7UHBV0G" failures="0" tests="1" name="InternetSearch.InternetSearch" time="59.670" errors="0" timestamp="2025-01-09T18:32:22 IST" skipped="0">
  <testcase classname="InternetSearch.InternetSearch" name="InterNetSearch" time="59.670"/>
  <system-out/>
</testsuite> <!-- InternetSearch.InternetSearch -->
