<?xml version="1.0" encoding="UTF-8"?>
<!-- Generated by org.testng.reporters.JUnitReportReporter -->
<testsuite hostname="DESKTOP-7UHBV0G" failures="0" tests="1" name="InternetSearch.InternetSearch" time="40.848" errors="0" timestamp="2025-01-13T21:05:16 IST" skipped="0">
  <testcase classname="InternetSearch.InternetSearch" name="InterNetSearch" time="40.848"/>
</testsuite> <!-- InternetSearch.InternetSearch -->
