<?xml version="1.0" encoding="UTF-8"?>
<!-- Generated by org.testng.reporters.JUnitReportReporter -->
<testsuite hostname="DESKTOP-7UHBV0G" failures="0" tests="1" name="Chat_Response.Chat_Response" time="70.556" errors="0" timestamp="2025-01-14T15:24:06 IST" skipped="0">
  <testcase classname="Chat_Response.Chat_Response" name="testValidScenario" time="70.556"/>
</testsuite> <!-- Chat_Response.Chat_Response -->
