<?xml version="1.0" encoding="UTF-8"?>
<!-- Generated by org.testng.reporters.JUnitReportReporter -->
<testsuite hostname="DESKTOP-7UHBV0G" failures="0" tests="1" name="Chat_Response.Chat_Response" time="40.369" errors="0" timestamp="2025-01-13T21:05:16 IST" skipped="0">
  <testcase classname="Chat_Response.Chat_Response" name="testValidScenario" time="40.369"/>
</testsuite> <!-- Chat_Response.Chat_Response -->
