<?xml version="1.0" encoding="UTF-8"?>
<!-- Generated by org.testng.reporters.JUnitReportReporter -->
<testsuite hostname="DESKTOP-7UHBV0G" failures="0" tests="1" name="Doc_Search.Doc_Search" time="45.617" errors="0" timestamp="2025-01-14T15:24:06 IST" skipped="0">
  <testcase classname="Doc_Search.Doc_Search" name="testValidScenario" time="45.617"/>
</testsuite> <!-- Doc_Search.Doc_Search -->
