<?xml version="1.0" encoding="UTF-8"?>
<!-- Generated by org.testng.reporters.JUnitReportReporter -->
<testsuite hostname="DESKTOP-7UHBV0G" failures="0" tests="1" name="InternetSearch.InternetSearch" time="36.742" errors="0" timestamp="2025-01-14T15:24:06 IST" skipped="0">
  <testcase classname="InternetSearch.InternetSearch" name="InterNetSearch" time="36.742"/>
</testsuite> <!-- InternetSearch.InternetSearch -->
