<?xml version="1.0" encoding="UTF-8"?>
<!-- Generated by org.testng.reporters.JUnitReportReporter -->
<testsuite hostname="DESKTOP-7UHBV0G" failures="0" tests="2" name="Title_Manipulation.Chat_3Public" time="19.957" errors="0" timestamp="2025-01-13T21:05:16 IST" skipped="0">
  <testcase classname="Title_Manipulation.Chat_3Public" name="publicChat" time="10.753"/>
  <testcase classname="Title_Manipulation.Chat_3Public" name="PrivateChat" time="9.204"/>
</testsuite> <!-- Title_Manipulation.Chat_3Public -->
