<?xml version="1.0" encoding="UTF-8"?>
<!-- Generated by org.testng.reporters.JUnitReportReporter -->
<testsuite hostname="DESKTOP-7UHBV0G" failures="0" tests="1" name="Title_Manipulation.Chat_2Bookmark" time="53.180" errors="0" timestamp="2025-01-14T15:24:06 IST" skipped="0">
  <testcase classname="Title_Manipulation.Chat_2Bookmark" name="Bookmark" time="53.180"/>
</testsuite> <!-- Title_Manipulation.Chat_2Bookmark -->
