<?xml version="1.0" encoding="UTF-8"?>
<!-- Generated by org.testng.reporters.JUnitReportReporter -->
<testsuite hostname="DESKTOP-7UHBV0G" failures="0" tests="1" name="Title_Manipulation.Chat_3Public" time="13.896" errors="0" timestamp="2025-01-14T15:24:06 IST" skipped="0">
  <testcase classname="Title_Manipulation.Chat_3Public" name="publicChat" time="13.896"/>
</testsuite> <!-- Title_Manipulation.Chat_3Public -->
